SF:lib\cubits\apod_cubit.dart
DA:12,6
DA:14,0
DA:15,0
DA:17,0
DA:20,0
DA:21,0
DA:23,0
DA:25,0
DA:26,0
DA:28,0
DA:30,0
LF:11
LH:1
end_of_record
SF:lib\data\apod_local_datasource.dart
DA:8,0
DA:9,0
DA:10,0
DA:11,0
DA:15,0
DA:17,0
DA:18,0
DA:21,0
DA:23,0
LF:9
LH:0
end_of_record
SF:lib\data\apod_remote_datasource.dart
DA:9,4
DA:10,8
DA:13,1
DA:18,2
DA:19,3
DA:20,3
DA:22,1
DA:25,1
DA:26,1
DA:27,1
DA:30,2
DA:31,2
DA:33,2
DA:34,1
DA:35,4
DA:37,0
LF:16
LH:15
end_of_record
SF:lib\cubits\apod_state.dart
DA:10,2
DA:16,0
DA:18,1
DA:20,6
DA:22,4
DA:30,0
DA:34,0
DA:37,0
DA:42,0
DA:44,0
DA:51,0
DA:58,0
DA:59,0
DA:60,0
DA:61,0
DA:62,0
DA:63,0
LF:17
LH:4
end_of_record
SF:lib\apod_hive.dart
DA:18,0
LF:1
LH:0
end_of_record
SF:lib\apod_hive.g.dart
DA:13,0
DA:15,0
DA:16,0
DA:17,0
DA:19,0
DA:20,0
DA:21,0
DA:22,0
DA:23,0
DA:27,0
DA:30,0
DA:31,0
DA:32,0
DA:33,0
DA:34,0
DA:35,0
DA:36,0
DA:37,0
DA:38,0
DA:41,0
DA:42,0
DA:44,0
DA:47,0
DA:48,0
DA:49,0
LF:25
LH:0
end_of_record
SF:lib\models\apod.dart
DA:9,1
DA:15,0
DA:16,0
DA:17,0
DA:18,0
DA:19,0
DA:20,0
DA:24,1
DA:25,1
DA:26,1
DA:27,1
DA:28,1
DA:29,1
DA:34,0
DA:35,0
DA:36,0
DA:37,0
DA:38,0
DA:39,0
LF:19
LH:7
end_of_record
SF:lib\helpers\path_provider_save_images.dart
DA:6,0
DA:7,0
DA:8,0
DA:9,0
DA:11,0
DA:14,0
DA:15,0
DA:20,0
DA:21,0
DA:22,0
LF:10
LH:0
end_of_record
SF:lib\helpers\dio_interceptor.dart
DA:4,2
DA:5,2
DA:6,1
DA:9,2
DA:12,4
DA:15,1
DA:17,1
DA:19,4
DA:22,1
DA:24,1
DA:26,2
DA:29,1
LF:12
LH:12
end_of_record
SF:lib\presentation\home_page.dart
DA:12,3
DA:14,2
DA:15,2
DA:22,0
DA:23,0
DA:26,1
DA:28,1
DA:31,1
DA:33,1
DA:35,1
DA:36,1
DA:37,3
DA:38,1
DA:39,0
DA:40,0
DA:42,1
DA:43,1
DA:44,1
DA:45,1
DA:47,1
DA:48,1
DA:59,1
DA:64,0
DA:65,0
DA:67,0
DA:68,0
DA:72,0
DA:73,0
DA:74,0
DA:75,0
DA:76,0
DA:84,1
DA:85,0
DA:99,1
DA:100,1
DA:101,2
DA:102,0
DA:103,0
DA:104,0
DA:105,0
DA:106,0
DA:108,0
DA:109,0
DA:113,0
DA:116,0
DA:118,0
DA:119,0
DA:120,0
DA:122,0
DA:123,0
DA:128,0
DA:129,0
DA:130,0
DA:156,0
DA:163,0
DA:165,0
DA:166,0
LF:57
LH:22
end_of_record
SF:lib\main.dart
DA:7,0
DA:8,0
DA:9,0
DA:10,0
DA:12,0
DA:16,4
DA:18,1
DA:20,1
DA:23,1
LF:9
LH:4
end_of_record
SF:lib\helpers\date_formatter.dart
DA:6,4
DA:8,0
DA:9,0
LF:3
LH:1
end_of_record
SF:lib\presentation\apod_page.dart
DA:7,0
DA:9,0
DA:11,0
DA:13,0
DA:15,0
DA:16,0
DA:17,0
DA:18,0
DA:19,0
DA:20,0
DA:21,0
DA:23,0
DA:27,0
DA:31,0
DA:32,0
DA:34,0
DA:36,0
DA:37,0
DA:38,0
DA:40,0
DA:49,0
DA:50,0
DA:52,0
DA:65,0
DA:67,0
DA:68,0
DA:69,0
LF:27
LH:0
end_of_record
