SF:lib\helpers\connection_helper.dart
DA:4,3
DA:6,3
DA:8,6
DA:9,6
DA:14,0
LF:5
LH:4
end_of_record
SF:lib\database_service.dart
DA:8,0
DA:9,0
DA:10,0
DA:12,0
DA:13,0
DA:21,0
DA:23,0
DA:24,0
DA:27,0
DA:29,0
DA:31,0
DA:34,0
DA:37,0
DA:40,0
DA:42,0
DA:50,0
DA:57,0
DA:58,0
LF:18
LH:0
end_of_record
SF:lib\models\apod.dart
DA:8,2
DA:15,2
DA:16,2
DA:17,2
DA:18,2
DA:19,2
DA:20,2
DA:24,1
DA:25,1
DA:26,1
DA:27,1
DA:28,1
DA:29,1
DA:30,1
DA:34,1
DA:35,1
DA:36,1
DA:37,1
DA:38,1
DA:39,1
DA:40,1
LF:21
LH:21
end_of_record
SF:lib\data\apod_remote_datasource.dart
DA:9,6
DA:10,12
DA:13,1
DA:18,2
DA:19,3
DA:20,3
DA:22,1
DA:25,1
DA:26,1
DA:27,1
DA:30,2
DA:31,2
DA:33,2
DA:34,1
DA:35,4
DA:37,0
LF:16
LH:15
end_of_record
SF:lib\helpers\dio_interceptor.dart
DA:4,3
DA:5,3
DA:6,1
DA:9,2
DA:12,4
DA:15,1
DA:17,1
DA:19,4
DA:22,1
DA:24,1
DA:26,2
DA:29,1
LF:12
LH:12
end_of_record
SF:lib\helpers\date_formatter.dart
DA:6,6
DA:8,1
DA:9,2
LF:3
LH:3
end_of_record
SF:lib\presentation\cubits\apod_cubit.dart
DA:9,3
DA:11,6
DA:13,0
DA:14,0
DA:17,0
DA:18,0
DA:19,0
DA:24,0
DA:27,0
LF:9
LH:2
end_of_record
SF:lib\presentation\cubits\apod_state.dart
DA:10,3
DA:16,0
DA:18,1
DA:20,6
DA:22,6
DA:30,0
DA:34,0
DA:37,0
DA:42,0
DA:44,0
DA:51,0
DA:58,0
DA:59,0
DA:60,0
DA:61,0
DA:62,0
DA:63,0
LF:17
LH:4
end_of_record
SF:lib\main.dart
DA:8,0
DA:10,0
DA:11,0
DA:13,0
DA:14,0
DA:18,0
DA:19,0
DA:20,0
DA:22,0
DA:24,0
DA:31,1
DA:33,1
DA:35,1
DA:38,1
DA:41,1
DA:42,1
LF:16
LH:6
end_of_record
SF:lib\presentation\home_page.dart
DA:19,2
DA:24,2
DA:25,2
DA:36,2
DA:38,2
DA:41,2
DA:43,2
DA:44,2
DA:46,2
DA:47,2
DA:48,2
DA:49,4
DA:50,2
DA:53,2
DA:54,0
DA:55,0
DA:59,2
DA:60,0
DA:61,0
DA:63,2
DA:64,2
DA:65,2
DA:66,2
DA:68,2
DA:69,2
DA:80,2
DA:85,0
DA:86,0
DA:88,0
DA:89,0
DA:93,0
DA:94,0
DA:97,0
DA:100,0
DA:101,0
DA:103,0
DA:104,0
DA:105,0
DA:108,0
DA:117,2
DA:118,4
DA:119,2
DA:120,4
DA:128,0
DA:129,0
DA:130,0
DA:133,0
DA:134,0
DA:135,0
DA:136,0
DA:137,0
DA:138,0
DA:139,0
DA:140,0
DA:142,0
DA:143,0
DA:144,0
DA:148,0
DA:151,0
DA:153,0
DA:154,0
DA:155,0
DA:157,0
DA:158,0
DA:164,0
DA:166,0
DA:167,0
DA:200,0
DA:206,0
DA:208,0
DA:209,0
DA:210,0
DA:214,0
DA:219,0
DA:220,0
DA:221,0
DA:226,0
DA:234,0
DA:235,0
DA:238,0
DA:239,0
DA:240,0
DA:241,0
DA:242,0
DA:243,0
DA:244,0
DA:245,0
DA:246,0
DA:247,0
DA:248,0
DA:249,0
DA:251,0
DA:252,0
DA:256,0
DA:259,0
DA:261,0
DA:262,0
DA:263,0
DA:265,0
DA:266,0
DA:271,0
DA:272,0
DA:273,0
DA:289,0
LF:104
LH:26
end_of_record
SF:lib\presentation\apod_page.dart
DA:7,0
DA:9,0
DA:11,0
DA:13,0
DA:15,0
DA:16,0
DA:17,0
DA:18,0
DA:19,0
DA:20,0
DA:21,0
DA:23,0
DA:27,0
DA:31,0
DA:32,0
DA:34,0
DA:36,0
DA:37,0
DA:38,0
DA:40,0
DA:49,0
DA:50,0
DA:52,0
DA:65,0
DA:67,0
DA:68,0
DA:69,0
LF:27
LH:0
end_of_record
SF:lib\presentation\cubits\images_cubit.dart
DA:11,1
DA:13,2
DA:15,1
DA:17,2
DA:18,0
DA:19,0
DA:21,0
DA:24,2
DA:28,0
DA:29,0
DA:31,0
DA:32,0
DA:34,0
DA:39,0
DA:42,0
DA:43,0
DA:47,0
DA:48,0
DA:49,0
DA:50,0
DA:51,0
DA:52,0
DA:56,0
DA:57,0
DA:59,0
DA:63,0
DA:65,0
DA:66,0
DA:67,0
LF:29
LH:5
end_of_record
SF:lib\presentation\cubits\images_state.dart
DA:12,0
LF:1
LH:0
end_of_record
